TN:
SF:/Users/zzt/Documents/ts-axios-doc/project/ts-axios/src/axios.ts
FN:9,createInstance
FN:20,create
FN:28,all
FN:32,spread
FN:33,wrap
FNF:5
FNH:5
FNDA:36,createInstance
FNDA:24,create
FNDA:2,all
FNDA:1,spread
FNDA:1,wrap
DA:2,12
DA:3,12
DA:4,12
DA:5,12
DA:6,12
DA:7,12
DA:10,36
DA:11,36
DA:13,36
DA:15,36
DA:18,12
DA:20,12
DA:21,24
DA:24,12
DA:25,12
DA:26,12
DA:28,12
DA:29,2
DA:32,12
DA:33,1
DA:34,1
DA:38,12
DA:40,12
LF:23
LH:23
BRF:0
BRH:0
end_of_record
TN:
SF:/Users/zzt/Documents/ts-axios-doc/project/ts-axios/src/default.ts
FN:20,(anonymous_0)
FN:26,(anonymous_1)
FN:31,(anonymous_2)
FN:38,(anonymous_3)
FN:44,(anonymous_4)
FNF:5
FNH:5
FNDA:60,(anonymous_0)
FNDA:18,(anonymous_1)
FNDA:15,(anonymous_2)
FNDA:48,(anonymous_3)
FNDA:36,(anonymous_4)
DA:2,12
DA:3,12
DA:5,12
DA:21,60
DA:22,60
DA:27,18
DA:32,15
DA:36,12
DA:38,12
DA:39,48
DA:42,12
DA:44,12
DA:45,36
DA:50,12
LF:14
LH:14
BRDA:32,0,0,15
BRDA:32,0,1,15
BRF:2
BRH:2
end_of_record
TN:
SF:/Users/zzt/Documents/ts-axios-doc/project/ts-axios/src/index.ts
FNF:0
FNH:0
DA:1,12
DA:5,12
LF:2
LH:2
BRF:0
BRH:0
end_of_record
TN:
SF:/Users/zzt/Documents/ts-axios-doc/project/ts-axios/src/ts-axios.ts
FN:4,(anonymous_0)
FNF:1
FNH:1
FNDA:2,(anonymous_0)
DA:4,1
LF:1
LH:1
BRF:0
BRH:0
end_of_record
TN:
SF:/Users/zzt/Documents/ts-axios-doc/project/ts-axios/src/xhr.ts
FN:8,xhr
FN:9,(anonymous_1)
FN:41,ConfigureRequest
FN:55,addEvents
FN:56,handleLoad
FN:81,handleError
FN:85,handleTimeout
FN:105,processHeaders
FN:122,(anonymous_8)
FN:131,processCancel
FN:134,(anonymous_10)
FN:147,handleResponse
FNF:12
FNH:12
FNDA:61,xhr
FNDA:61,(anonymous_1)
FNDA:61,ConfigureRequest
FNDA:61,addEvents
FNDA:38,handleLoad
FNDA:1,handleError
FNDA:1,handleTimeout
FNDA:61,processHeaders
FNDA:94,(anonymous_8)
FNDA:60,processCancel
FNDA:3,(anonymous_10)
FNDA:17,handleResponse
DA:2,12
DA:3,12
DA:4,12
DA:5,12
DA:6,12
DA:8,12
DA:9,61
DA:11,122
DA:12,61
DA:13,61
DA:14,122
DA:15,61
DA:16,61
DA:17,61
DA:18,61
DA:19,61
DA:20,61
DA:21,61
DA:22,61
DA:23,61
DA:24,61
DA:27,61
DA:29,61
DA:31,61
DA:33,61
DA:35,61
DA:37,60
DA:39,60
DA:42,61
DA:43,1
DA:46,61
DA:47,2
DA:50,61
DA:51,2
DA:56,61
DA:57,38
DA:58,20
DA:61,18
DA:62,1
DA:65,17
DA:67,17
DA:70,17
DA:78,17
DA:81,61
DA:82,1
DA:85,61
DA:86,1
DA:96,61
DA:97,1
DA:100,61
DA:101,1
DA:106,61
DA:107,1
DA:110,61
DA:111,56
DA:112,56
DA:113,3
DA:117,61
DA:118,4
DA:122,60
DA:123,94
DA:124,9
DA:126,85
DA:132,60
DA:133,3
DA:135,3
DA:136,3
DA:148,17
DA:149,15
DA:151,2
LF:70
LH:70
BRDA:11,0,0,52
BRDA:11,0,1,9
BRDA:14,1,0,1
BRDA:14,1,1,60
BRDA:42,2,0,1
BRDA:42,2,1,60
BRDA:46,3,0,2
BRDA:46,3,1,59
BRDA:50,4,0,2
BRDA:50,4,1,59
BRDA:57,5,0,20
BRDA:57,5,1,18
BRDA:61,6,0,1
BRDA:61,6,1,17
BRDA:68,7,0,1
BRDA:68,7,1,16
BRDA:67,8,0,17
BRDA:67,8,1,1
BRDA:96,9,0,1
BRDA:96,9,1,60
BRDA:100,10,0,1
BRDA:100,10,1,60
BRDA:106,11,0,1
BRDA:106,11,1,60
BRDA:110,12,0,56
BRDA:110,12,1,5
BRDA:110,13,0,61
BRDA:110,13,1,59
BRDA:110,13,2,57
BRDA:112,14,0,3
BRDA:112,14,1,53
BRDA:112,15,0,56
BRDA:112,15,1,3
BRDA:117,16,0,4
BRDA:117,16,1,57
BRDA:123,17,0,9
BRDA:123,17,1,85
BRDA:123,18,0,94
BRDA:123,18,1,76
BRDA:132,19,0,3
BRDA:132,19,1,57
BRDA:148,20,0,15
BRDA:148,20,1,2
BRDA:148,21,0,17
BRDA:148,21,1,17
BRF:45
BRH:45
end_of_record
TN:
SF:/Users/zzt/Documents/ts-axios-doc/project/ts-axios/src/cancel/Cancel.ts
FN:1,(anonymous_0)
FN:4,Cancel
FN:9,isCancel
FNF:3
FNH:3
FNDA:14,(anonymous_0)
FNDA:11,Cancel
FNDA:2,isCancel
DA:1,14
DA:5,11
DA:7,14
DA:9,14
DA:10,2
LF:5
LH:5
BRF:0
BRH:0
end_of_record
TN:
SF:/Users/zzt/Documents/ts-axios-doc/project/ts-axios/src/cancel/CancelToken.ts
FN:8,(anonymous_0)
FN:12,CancelToken
FN:15,(anonymous_2)
FN:19,(anonymous_3)
FN:28,(anonymous_4)
FN:34,(anonymous_5)
FN:36,(anonymous_6)
FNF:7
FNH:7
FNDA:13,(anonymous_0)
FNDA:11,CancelToken
FNDA:11,(anonymous_2)
FNDA:10,(anonymous_3)
FNDA:6,(anonymous_4)
FNDA:5,(anonymous_5)
FNDA:5,(anonymous_6)
DA:2,13
DA:8,13
DA:12,11
DA:15,11
DA:16,11
DA:19,11
DA:20,10
DA:21,1
DA:23,9
DA:24,9
DA:28,13
DA:29,6
DA:30,2
DA:34,13
DA:36,5
DA:37,5
DA:39,5
DA:44,13
LF:18
LH:18
BRDA:20,0,0,1
BRDA:20,0,1,9
BRDA:29,1,0,2
BRDA:29,1,1,4
BRF:4
BRH:4
end_of_record
TN:
SF:/Users/zzt/Documents/ts-axios-doc/project/ts-axios/src/core/Axios.ts
FN:23,(anonymous_0)
FN:27,Axios
FN:35,(anonymous_2)
FN:57,(anonymous_3)
FN:61,(anonymous_4)
FN:74,(anonymous_5)
FN:77,(anonymous_6)
FN:80,(anonymous_7)
FN:83,(anonymous_8)
FN:86,(anonymous_9)
FN:89,(anonymous_10)
FN:92,(anonymous_11)
FN:96,(anonymous_12)
FN:101,(anonymous_13)
FN:113,(anonymous_14)
FNF:15
FNH:15
FNDA:12,(anonymous_0)
FNDA:36,Axios
FNDA:62,(anonymous_2)
FNDA:7,(anonymous_3)
FNDA:8,(anonymous_4)
FNDA:12,(anonymous_5)
FNDA:1,(anonymous_6)
FNDA:1,(anonymous_7)
FNDA:1,(anonymous_8)
FNDA:12,(anonymous_9)
FNDA:1,(anonymous_10)
FNDA:1,(anonymous_11)
FNDA:1,(anonymous_12)
FNDA:15,(anonymous_13)
FNDA:14,(anonymous_14)
DA:9,12
DA:10,12
DA:11,12
DA:23,12
DA:28,36
DA:29,36
DA:35,12
DA:36,62
DA:37,32
DA:38,19
DA:40,32
DA:42,30
DA:45,62
DA:46,62
DA:48,62
DA:50,62
DA:57,62
DA:58,7
DA:61,62
DA:62,8
DA:65,62
DA:67,62
DA:68,77
DA:69,77
DA:72,62
DA:74,12
DA:75,12
DA:77,12
DA:78,1
DA:80,12
DA:81,1
DA:83,12
DA:84,1
DA:86,12
DA:87,12
DA:89,12
DA:90,1
DA:92,12
DA:93,1
DA:96,12
DA:97,1
DA:98,1
DA:101,12
DA:106,15
DA:113,12
DA:119,14
DA:127,12
LF:47
LH:47
BRDA:36,0,0,32
BRDA:36,0,1,30
BRDA:37,1,0,19
BRDA:37,1,1,13
BRDA:107,2,0,15
BRDA:107,2,1,10
BRDA:120,3,0,14
BRDA:120,3,1,11
BRF:8
BRH:8
end_of_record
TN:
SF:/Users/zzt/Documents/ts-axios-doc/project/ts-axios/src/core/dispatchRequest.ts
FN:7,dispatchRequest
FN:13,(anonymous_1)
FN:16,(anonymous_2)
FN:25,processConfigConfig
FN:31,transformURL
FN:39,transformResponseData
FN:44,throwIfCancellationRequested
FNF:7
FNH:7
FNDA:62,dispatchRequest
FNDA:14,(anonymous_1)
FNDA:7,(anonymous_2)
FNDA:61,processConfigConfig
FNDA:62,transformURL
FNDA:16,transformResponseData
FNDA:62,throwIfCancellationRequested
DA:2,12
DA:3,12
DA:4,12
DA:5,12
DA:7,12
DA:10,62
DA:11,61
DA:12,61
DA:14,14
DA:17,7
DA:18,2
DA:20,7
DA:26,61
DA:27,61
DA:28,61
DA:31,12
DA:32,62
DA:33,62
DA:34,4
DA:36,62
DA:40,16
DA:41,16
DA:45,62
DA:46,4
LF:24
LH:24
BRDA:17,0,0,2
BRDA:17,0,1,5
BRDA:17,1,0,7
BRDA:17,1,1,7
BRDA:33,2,0,4
BRDA:33,2,1,58
BRDA:33,3,0,62
BRDA:33,3,1,4
BRDA:45,4,0,4
BRDA:45,4,1,58
BRF:10
BRH:10
end_of_record
TN:
SF:/Users/zzt/Documents/ts-axios-doc/project/ts-axios/src/core/interceptorManager.ts
FN:3,(anonymous_0)
FN:4,InterceptorManager
FN:7,(anonymous_2)
FN:14,(anonymous_3)
FN:15,(anonymous_4)
FN:21,(anonymous_5)
FNF:6
FNH:6
FNDA:12,(anonymous_0)
FNDA:72,InterceptorManager
FNDA:17,(anonymous_2)
FNDA:124,(anonymous_3)
FNDA:16,(anonymous_4)
FNDA:2,(anonymous_5)
DA:2,12
DA:3,12
DA:5,72
DA:7,12
DA:8,17
DA:12,17
DA:14,12
DA:15,124
DA:16,16
DA:17,15
DA:21,12
DA:22,2
DA:23,1
DA:26,12
DA:28,12
LF:15
LH:15
BRDA:16,0,0,15
BRDA:16,0,1,1
BRDA:22,1,0,1
BRDA:22,1,1,1
BRF:4
BRH:4
end_of_record
TN:
SF:/Users/zzt/Documents/ts-axios-doc/project/ts-axios/src/core/mergeConfig.ts
FN:6,defaultStart
FN:10,fromVal2Strat
FN:16,deepMergeStrat
FN:30,(anonymous_3)
FN:34,(anonymous_4)
FN:38,mergeConfig
FN:58,mergeField
FNF:7
FNH:7
FNDA:658,defaultStart
FNDA:84,fromVal2Strat
FNDA:101,deepMergeStrat
FNDA:36,(anonymous_3)
FNDA:24,(anonymous_4)
FNDA:97,mergeConfig
FNDA:843,mergeField
DA:2,12
DA:4,12
DA:7,658
DA:11,84
DA:12,76
DA:17,101
DA:18,11
DA:19,90
DA:20,2
DA:21,88
DA:22,87
DA:24,1
DA:28,12
DA:30,36
DA:32,12
DA:34,12
DA:35,24
DA:38,12
DA:42,97
DA:43,22
DA:46,97
DA:48,97
DA:49,147
DA:52,97
DA:53,746
DA:54,696
DA:59,843
DA:60,843
DA:63,97
LF:29
LH:29
BRDA:7,0,0,54
BRDA:7,0,1,604
BRDA:11,1,0,76
BRDA:11,1,1,8
BRDA:17,2,0,11
BRDA:17,2,1,90
BRDA:19,3,0,2
BRDA:19,3,1,88
BRDA:21,4,0,87
BRDA:21,4,1,1
BRDA:42,5,0,22
BRDA:42,5,1,75
BRDA:53,6,0,696
BRDA:53,6,1,50
BRDA:59,7,0,843
BRDA:59,7,1,658
BRF:16
BRH:16
end_of_record
TN:
SF:/Users/zzt/Documents/ts-axios-doc/project/ts-axios/src/core/transform.ts
FN:3,transform
FN:14,(anonymous_1)
FNF:2
FNH:2
FNDA:77,transform
FNDA:77,(anonymous_1)
DA:3,12
DA:8,77
DA:9,1
DA:11,76
DA:12,2
DA:14,76
DA:15,77
DA:17,76
LF:8
LH:8
BRDA:8,0,0,1
BRDA:8,0,1,76
BRDA:11,1,0,2
BRDA:11,1,1,74
BRF:4
BRH:4
end_of_record
TN:
SF:/Users/zzt/Documents/ts-axios-doc/project/ts-axios/src/helpers/cookie.ts
FN:2,(anonymous_0)
FNF:1
FNH:1
FNDA:58,(anonymous_0)
DA:1,13
DA:3,58
DA:6,58
DA:10,13
LF:4
LH:4
BRDA:6,0,0,4
BRDA:6,0,1,54
BRF:2
BRH:2
end_of_record
TN:
SF:/Users/zzt/Documents/ts-axios-doc/project/ts-axios/src/helpers/data.ts
FN:3,transformRequest
FN:10,transformResoponse
FNF:2
FNH:2
FNDA:62,transformRequest
FNDA:21,transformResoponse
DA:1,13
DA:3,13
DA:4,62
DA:5,7
DA:7,55
DA:10,13
DA:11,21
DA:12,19
DA:13,19
DA:18,21
LF:10
LH:10
BRDA:4,0,0,7
BRDA:4,0,1,55
BRDA:11,1,0,19
BRDA:11,1,1,2
BRF:4
BRH:4
end_of_record
TN:
SF:/Users/zzt/Documents/ts-axios-doc/project/ts-axios/src/helpers/error.ts
FN:3,(anonymous_6)
FN:32,createError
FNF:2
FNH:2
FNDA:13,(anonymous_6)
FNDA:5,createError
DA:3,13
DA:30,13
DA:32,13
DA:39,5
DA:40,5
LF:5
LH:5
BRF:0
BRH:0
end_of_record
TN:
SF:/Users/zzt/Documents/ts-axios-doc/project/ts-axios/src/helpers/headers.ts
FN:4,normalizeHeaderName
FN:8,(anonymous_1)
FN:19,processHeaders
FN:31,parseHeaders
FN:37,(anonymous_4)
FN:50,flattenHeaders
FN:67,(anonymous_6)
FNF:7
FNH:7
FNDA:65,normalizeHeaderName
FNDA:476,(anonymous_1)
FNDA:65,processHeaders
FNDA:19,parseHeaders
FNDA:40,(anonymous_4)
FNDA:65,flattenHeaders
FNDA:496,(anonymous_6)
DA:1,13
DA:5,65
DA:6,4
DA:8,61
DA:9,476
DA:13,2
DA:14,2
DA:19,13
DA:20,65
DA:22,65
DA:23,10
DA:24,5
DA:28,65
DA:31,13
DA:32,19
DA:33,19
DA:34,1
DA:37,18
DA:38,40
DA:39,40
DA:40,40
DA:41,18
DA:43,22
DA:44,22
DA:47,18
DA:50,13
DA:51,65
DA:52,3
DA:54,62
DA:56,62
DA:67,62
DA:68,496
DA:71,62
LF:33
LH:33
BRDA:5,0,0,4
BRDA:5,0,1,61
BRDA:9,1,0,2
BRDA:9,1,1,474
BRDA:10,2,0,476
BRDA:10,2,1,476
BRDA:22,3,0,10
BRDA:22,3,1,55
BRDA:23,4,0,5
BRDA:23,4,1,5
BRDA:23,5,0,10
BRDA:23,5,1,7
BRDA:33,6,0,1
BRDA:33,6,1,18
BRDA:40,7,0,18
BRDA:40,7,1,22
BRDA:51,8,0,3
BRDA:51,8,1,62
BRF:18
BRH:18
end_of_record
TN:
SF:/Users/zzt/Documents/ts-axios-doc/project/ts-axios/src/helpers/url.ts
FN:8,encode
FN:19,buildURL
FN:36,(anonymous_2)
FN:48,(anonymous_3)
FN:71,isAbsoluteURL
FN:75,combineURL
FN:81,isURLSameOrigin
FN:92,resolveURL
FNF:8
FNH:8
FNDA:24,encode
FNDA:73,buildURL
FNDA:12,(anonymous_2)
FNDA:12,(anonymous_3)
FNDA:12,isAbsoluteURL
FNDA:9,combineURL
FNDA:61,isURLSameOrigin
FNDA:74,resolveURL
DA:1,13
DA:9,24
DA:19,13
DA:24,73
DA:25,62
DA:29,11
DA:30,1
DA:31,10
DA:32,1
DA:34,9
DA:36,9
DA:37,12
DA:38,12
DA:39,1
DA:41,11
DA:42,11
DA:43,1
DA:44,1
DA:46,10
DA:48,11
DA:49,12
DA:50,1
DA:51,11
DA:52,1
DA:54,12
DA:58,9
DA:61,11
DA:62,11
DA:63,11
DA:64,1
DA:66,11
DA:68,11
DA:71,13
DA:72,12
DA:75,13
DA:76,9
DA:81,13
DA:82,61
DA:83,61
DA:89,13
DA:90,13
DA:93,74
DA:94,74
DA:96,74
LF:44
LH:44
BRDA:24,0,0,62
BRDA:24,0,1,11
BRDA:29,1,0,1
BRDA:29,1,1,10
BRDA:31,2,0,1
BRDA:31,2,1,9
BRDA:38,3,0,1
BRDA:38,3,1,11
BRDA:38,4,0,12
BRDA:38,4,1,11
BRDA:42,5,0,1
BRDA:42,5,1,10
BRDA:49,6,0,1
BRDA:49,6,1,11
BRDA:51,7,0,1
BRDA:51,7,1,10
BRDA:61,8,0,11
BRDA:61,8,1,0
BRDA:63,9,0,1
BRDA:63,9,1,10
BRDA:66,10,0,9
BRDA:66,10,1,2
BRDA:77,11,0,8
BRDA:77,11,1,1
BRDA:84,12,0,61
BRDA:84,12,1,60
BRF:26
BRH:25
end_of_record
TN:
SF:/Users/zzt/Documents/ts-axios-doc/project/ts-axios/src/helpers/util.ts
FN:3,isDate
FN:11,isPlainObject
FN:15,isFormData
FN:19,isURLSearchParams
FN:23,extend
FN:30,deepMerge
FN:33,(anonymous_6)
FN:35,(anonymous_7)
FNF:8
FNH:8
FNDA:14,isDate
FNDA:3559,isPlainObject
FNDA:63,isFormData
FNDA:12,isURLSearchParams
FNDA:38,extend
FNDA:1398,deepMerge
FNDA:1551,(anonymous_6)
FNDA:2003,(anonymous_7)
DA:1,16
DA:3,16
DA:4,14
DA:11,16
DA:12,3559
DA:15,16
DA:16,63
DA:19,16
DA:20,12
DA:23,16
DA:24,38
DA:25,470
DA:27,38
DA:30,4347
DA:31,1398
DA:33,1398
DA:34,1551
DA:35,1536
DA:36,2003
DA:37,2003
DA:38,1227
DA:39,4
DA:41,1223
DA:44,776
DA:50,1398
LF:25
LH:25
BRDA:16,0,0,63
BRDA:16,0,1,63
BRDA:20,1,0,12
BRDA:20,1,1,12
BRDA:34,2,0,1536
BRDA:34,2,1,15
BRDA:37,3,0,1227
BRDA:37,3,1,776
BRDA:38,4,0,4
BRDA:38,4,1,1223
BRF:10
BRH:10
end_of_record
